<?xml version="1.0" encoding="UTF-8"?>
<testsuite name="traductor de google" tests="1" skipped="0" failures="0" errors="0" timestamp="2021-06-15T19:48:20" hostname="DESKTOP-S2IR0CO" time="11.457">
  <properties/>
  <testcase name="traducir de ingles a espanol." classname="traductor de google" time="11.457"/>
  <system-out><![CDATA[]]></system-out>
  <system-err><![CDATA[[Test worker] WARN net.thucydides.core.steps.BaseStepListener - stepStarted: net.thucydides.core.steps.ExecutedStepDescription@56d79f2e
[Test worker] WARN net.thucydides.core.steps.BaseStepListener - stepStarted: net.thucydides.core.steps.ExecutedStepDescription@5860817d
[Test worker] WARN net.thucydides.core.steps.BaseStepListener - stepStarted: net.thucydides.core.steps.ExecutedStepDescription@720dba99
jun 15, 2021 2:48:21 PM org.openqa.selenium.remote.DesiredCapabilities chrome
INFORMACIÓN: Using `new ChromeOptions()` is preferred to `DesiredCapabilities.chrome()`
[Test worker] INFO net.serenitybdd.core.webdriver.driverproviders.ProvideNewDriver - Instantiating driver
[Test worker] INFO net.serenitybdd.core.webdriver.driverproviders.ProvideNewDriver - Driver capabilities: Capabilities {acceptInsecureCerts: false, browserName: chrome, chrome.switches: --start-maximized, goog:chromeOptions: {args: [--start-maximized], extensions: []}, loggingPrefs: org.openqa.selenium.logging..., platform: ANY, version: }
Starting ChromeDriver 90.0.4430.24 (4c6d850f087da467d926e8eddb76550aed655991-refs/branch-heads/4430@{#429}) on port 29893
Only local connections are allowed.
Please see https://chromedriver.chromium.org/security-considerations for suggestions on keeping ChromeDriver safe.
ChromeDriver was started successfully.
[1623786504.211][WARNING]: This version of ChromeDriver has not been tested with Chrome version 91.
jun 15, 2021 2:48:24 PM org.openqa.selenium.remote.ProtocolHandshake createSession
INFORMACIÓN: Detected dialect: W3C
[Test worker] WARN net.thucydides.core.steps.BaseStepListener - stepFinished: current outcome:traducir de ingles a espanol.:Dado que arle quier usar el traductor de google [Arle abrir [arle opens the La pagina de inicio google]]
[Test worker] WARN net.thucydides.core.steps.BaseStepListener - stepFinished: current outcome:traducir de ingles a espanol.:Dado que arle quier usar el traductor de google [Arle abrir [arle opens the La pagina de inicio google]]
[Test worker] WARN net.thucydides.core.steps.BaseStepListener - stepFinished: current outcome:traducir de ingles a espanol.:Dado que arle quier usar el traductor de google [Arle abrir [arle opens the La pagina de inicio google]]
[Test worker] WARN net.thucydides.core.steps.BaseStepListener - stepStarted: net.thucydides.core.steps.ExecutedStepDescription@75754b52
[Test worker] WARN net.thucydides.core.steps.BaseStepListener - stepStarted: net.thucydides.core.steps.ExecutedStepDescription@25145e45
[Test worker] WARN net.thucydides.core.steps.BaseStepListener - stepStarted: net.thucydides.core.steps.ExecutedStepDescription@4cc747b0
[Test worker] WARN net.thucydides.core.steps.BaseStepListener - stepFinished: current outcome:traducir de ingles a espanol.:Dado que arle quier usar el traductor de google [Arle abrir [arle opens the La pagina de inicio google]], Cuando ella traduce la palabra table de ingles a espanol [Arle bucar [arle enters 'Traductor' into escribir en el buscador de google]]
[Test worker] WARN net.thucydides.core.steps.BaseStepListener - stepStarted: net.thucydides.core.steps.ExecutedStepDescription@53510ffa
[Test worker] WARN net.thucydides.core.steps.BaseStepListener - stepFinished: current outcome:traducir de ingles a espanol.:Dado que arle quier usar el traductor de google [Arle abrir [arle opens the La pagina de inicio google]], Cuando ella traduce la palabra table de ingles a espanol [Arle bucar [arle enters 'Traductor' into escribir en el buscador de google, arle clicks on clic en buscar]]
[Test worker] WARN net.thucydides.core.steps.BaseStepListener - stepStarted: net.thucydides.core.steps.ExecutedStepDescription@1cabc09c
[Test worker] WARN net.thucydides.core.steps.BaseStepListener - stepFinished: current outcome:traducir de ingles a espanol.:Dado que arle quier usar el traductor de google [Arle abrir [arle opens the La pagina de inicio google]], Cuando ella traduce la palabra table de ingles a espanol [Arle bucar [arle enters 'Traductor' into escribir en el buscador de google, arle clicks on clic en buscar, arle enters 'table' into PALABRA EN INGLES]]
[Test worker] WARN net.thucydides.core.steps.BaseStepListener - stepFinished: current outcome:traducir de ingles a espanol.:Dado que arle quier usar el traductor de google [Arle abrir [arle opens the La pagina de inicio google]], Cuando ella traduce la palabra table de ingles a espanol [Arle bucar [arle enters 'Traductor' into escribir en el buscador de google, arle clicks on clic en buscar, arle enters 'table' into PALABRA EN INGLES]]
[Test worker] WARN net.thucydides.core.steps.BaseStepListener - stepFinished: current outcome:traducir de ingles a espanol.:Dado que arle quier usar el traductor de google [Arle abrir [arle opens the La pagina de inicio google]], Cuando ella traduce la palabra table de ingles a espanol [Arle bucar [arle enters 'Traductor' into escribir en el buscador de google, arle clicks on clic en buscar, arle enters 'table' into PALABRA EN INGLES]]
[Test worker] WARN net.thucydides.core.steps.BaseStepListener - stepStarted: net.thucydides.core.steps.ExecutedStepDescription@36210ba1
[Test worker] WARN net.thucydides.core.steps.BaseStepListener - stepFinished: current outcome:traducir de ingles a espanol.:Dado que arle quier usar el traductor de google [Arle abrir [arle opens the La pagina de inicio google]], Cuando ella traduce la palabra table de ingles a espanol [Arle bucar [arle enters 'Traductor' into escribir en el buscador de google, arle clicks on clic en buscar, arle enters 'table' into PALABRA EN INGLES]], Entonces deberia ver la palabra mesa en la pantalla.
[Test worker] WARN net.thucydides.core.steps.BaseStepListener - testFinished: traducir de ingles a espanol.:Dado que arle quier usar el traductor de google [Arle abrir [arle opens the La pagina de inicio google]], Cuando ella traduce la palabra table de ingles a espanol [Arle bucar [arle enters 'Traductor' into escribir en el buscador de google, arle clicks on clic en buscar, arle enters 'table' into PALABRA EN INGLES]], Entonces deberia ver la palabra mesa en la pantalla.
[Test worker] WARN net.thucydides.core.steps.BaseStepListener - TestOutcomes: [traducir de ingles a espanol.:Dado que arle quier usar el traductor de google [Arle abrir [arle opens the La pagina de inicio google]], Cuando ella traduce la palabra table de ingles a espanol [Arle bucar [arle enters 'Traductor' into escribir en el buscador de google, arle clicks on clic en buscar, arle enters 'table' into PALABRA EN INGLES]], Entonces deberia ver la palabra mesa en la pantalla.]
[Test worker] WARN net.thucydides.core.steps.BaseStepListener - Final testOutcomes: [traducir de ingles a espanol.:Dado que arle quier usar el traductor de google [Arle abrir [arle opens the La pagina de inicio google]], Cuando ella traduce la palabra table de ingles a espanol [Arle bucar [arle enters 'Traductor' into escribir en el buscador de google, arle clicks on clic en buscar, arle enters 'table' into PALABRA EN INGLES]], Entonces deberia ver la palabra mesa en la pantalla.]
[Test worker] INFO net.thucydides.core.steps.ConsoleLoggingListener - 
        __    _____ _____ ____ _____   ____   _    ____  ____  _____ ____  
  _     \ \  |_   _| ____/ ___|_   _| |  _ \ / \  / ___|/ ___|| ____|  _ \ 
 (_)_____| |   | | |  _| \___ \ | |   | |_) / _ \ \___ \\___ \|  _| | | | |
  _|_____| |   | | | |___ ___) || |   |  __/ ___ \ ___) |___) | |___| |_| |
 (_)     | |   |_| |_____|____/ |_|   |_| /_/   \_\____/|____/|_____|____/ 
        /_/                                                                

TEST PASSED: traducir de ingles a espanol.
----------------------------------------------------------------------------
]]></system-err>
</testsuite>
